TN:
SF:src/validators/courseValidator.js
FN:4,validateCourseName
FN:18,validateCourseCost
FN:31,validateCourseDescription
FN:45,validateCourseThumbnail
FN:61,validateCourseUserId
FN:71,validateCourse
FN:82,validateUpdateCourse
FNF:7
FNH:6
FNDA:2,validateCourseName
FNDA:2,validateCourseCost
FNDA:2,validateCourseDescription
FNDA:2,validateCourseThumbnail
FNDA:2,validateCourseUserId
FNDA:2,validateCourse
FNDA:0,validateUpdateCourse
DA:1,1
DA:2,1
DA:3,1
DA:4,1
DA:5,2
DA:6,2
DA:7,2
DA:8,2
DA:9,2
DA:10,2
DA:11,2
DA:12,2
DA:13,2
DA:14,2
DA:15,2
DA:16,2
DA:17,1
DA:18,1
DA:19,2
DA:20,2
DA:21,2
DA:22,2
DA:23,2
DA:24,2
DA:25,2
DA:26,2
DA:27,2
DA:28,2
DA:29,2
DA:30,1
DA:31,1
DA:32,2
DA:33,2
DA:34,2
DA:35,2
DA:36,2
DA:37,2
DA:38,2
DA:39,2
DA:40,2
DA:41,2
DA:42,2
DA:43,2
DA:44,1
DA:45,1
DA:46,2
DA:47,2
DA:48,2
DA:49,2
DA:50,2
DA:51,2
DA:52,2
DA:53,2
DA:54,2
DA:55,2
DA:56,2
DA:57,2
DA:58,2
DA:59,2
DA:60,1
DA:61,1
DA:62,2
DA:63,2
DA:64,2
DA:65,2
DA:66,2
DA:67,2
DA:68,2
DA:69,2
DA:70,1
DA:71,1
DA:72,2
DA:73,2
DA:74,2
DA:75,2
DA:76,2
DA:77,2
DA:78,2
DA:79,2
DA:80,2
DA:81,1
DA:82,1
DA:83,0
DA:84,0
DA:85,0
DA:86,0
DA:87,0
DA:88,0
DA:89,0
DA:90,0
DA:91,0
DA:92,0
LF:92
LH:82
BRDA:4,0,0,2
BRDA:18,1,0,2
BRDA:31,2,0,2
BRDA:45,3,0,2
BRDA:61,4,0,2
BRDA:71,5,0,2
BRF:6
BRH:6
end_of_record
TN:
SF:src/validators/index.js
FN:3,returnValidationResult
FNF:1
FNH:1
FNDA:2,returnValidationResult
DA:1,1
DA:2,1
DA:3,1
DA:4,2
DA:5,2
DA:6,2
DA:7,2
DA:8,2
DA:9,2
LF:9
LH:9
BRDA:3,0,0,2
BRDA:6,1,0,0
BRDA:7,2,0,0
BRF:3
BRH:1
end_of_record
